<?xml version="1.0" encoding="UTF-8"?>
<TestRun id="11111111-1111-1111-1111-111111111111" name="SampleTestRun" xmlns="http://microsoft.com/schemas/VisualStudio/TeamTest/2010">
  <TestDefinitions>
    <UnitTest name="Test_Fails" id="aaaaaaaa-aaaa-aaaa-aaaa-aaaaaaaaaaaa">
      <TestMethod codeBase="Tests.dll" className="MyProject.Tests.SampleTests" name="Test_Fails" />
    </UnitTest>
    <UnitTest name="Test_Passes" id="bbbbbbbb-bbbb-bbbb-bbbb-bbbbbbbbbbbb">
      <TestMethod codeBase="Tests.dll" className="MyProject.Tests.SampleTests" name="Test_Passes" />
    </UnitTest>
  </TestDefinitions>
  <Results>
    <UnitTestResult testId="aaaaaaaa-aaaa-aaaa-aaaa-aaaaaaaaaaaa" testName="Test_Fails" outcome="Failed">
      <Output>
        <ErrorInfo>
          <Message>Assert.Equal() Failure: Expected 1, Actual 2</Message>
          <StackTrace>   at MyProject.Tests.SampleTests.Test_Fails() in src/SampleTests.cs:line 42</StackTrace>
        </ErrorInfo>
      </Output>
    </UnitTestResult>
    <UnitTestResult testId="bbbbbbbb-bbbb-bbbb-bbbb-bbbbbbbbbbbb" testName="Test_Passes" outcome="Passed" />
  </Results>
  <ResultSummary outcome="Failed">
    <Counters total="2" executed="2" passed="1" failed="1" error="0" timeout="0" aborted="0" inconclusive="0" passedButRunAborted="0" notRunnable="0" notExecuted="0" disconnected="0" warning="0" completed="0" inProgress="0" pending="0" />
  </ResultSummary>
</TestRun>
